This is pdfTeX, Version 3.14159265-2.6-1.40.20 (TeX Live 2019) (preloaded format=pdflatex 2019.10.11)  20 AUG 2020 21:46
entering extended mode
 restricted \write18 enabled.
 %&-line parsing enabled.
**main.tex
(./main.tex
LaTeX2e <2018-12-01>
(/usr/local/texlive/2019/texmf-dist/tex/latex/base/article.cls
Document Class: article 2018/09/03 v1.4i Standard LaTeX document class
(/usr/local/texlive/2019/texmf-dist/tex/latex/base/size11.clo
File: size11.clo 2018/09/03 v1.4i Standard LaTeX file (size option)
)
\c@part=\count80
\c@section=\count81
\c@subsection=\count82
\c@subsubsection=\count83
\c@paragraph=\count84
\c@subparagraph=\count85
\c@figure=\count86
\c@table=\count87
\abovecaptionskip=\skip41
\belowcaptionskip=\skip42
\bibindent=\dimen102
)
(/usr/local/texlive/2019/texmf-dist/tex/latex/listings/listings.sty
(/usr/local/texlive/2019/texmf-dist/tex/latex/graphics/keyval.sty
Package: keyval 2014/10/28 v1.15 key=value parser (DPC)
\KV@toks@=\toks14
)
\lst@mode=\count88
\lst@gtempboxa=\box27
\lst@token=\toks15
\lst@length=\count89
\lst@currlwidth=\dimen103
\lst@column=\count90
\lst@pos=\count91
\lst@lostspace=\dimen104
\lst@width=\dimen105
\lst@newlines=\count92
\lst@lineno=\count93
\lst@maxwidth=\dimen106

(/usr/local/texlive/2019/texmf-dist/tex/latex/listings/lstmisc.sty
File: lstmisc.sty 2019/02/27 1.8b (Carsten Heinz)
\c@lstnumber=\count94
\lst@skipnumbers=\count95
\lst@framebox=\box28
)
(/usr/local/texlive/2019/texmf-dist/tex/latex/listings/listings.cfg
File: listings.cfg 2019/02/27 1.8b listings configuration
))
Package: listings 2019/02/27 1.8b (Carsten Heinz)

(/usr/local/texlive/2019/texmf-dist/tex/latex/xcolor/xcolor.sty
Package: xcolor 2016/05/11 v2.12 LaTeX color extensions (UK)

(/usr/local/texlive/2019/texmf-dist/tex/latex/graphics-cfg/color.cfg
File: color.cfg 2016/01/02 v1.6 sample color configuration
)
Package xcolor Info: Driver file: pdftex.def on input line 225.

(/usr/local/texlive/2019/texmf-dist/tex/latex/graphics-def/pdftex.def
File: pdftex.def 2018/01/08 v1.0l Graphics/color driver for pdftex
)
Package xcolor Info: Model `cmy' substituted by `cmy0' on input line 1348.
Package xcolor Info: Model `hsb' substituted by `rgb' on input line 1352.
Package xcolor Info: Model `RGB' extended on input line 1364.
Package xcolor Info: Model `HTML' substituted by `rgb' on input line 1366.
Package xcolor Info: Model `Hsb' substituted by `hsb' on input line 1367.
Package xcolor Info: Model `tHsb' substituted by `hsb' on input line 1368.
Package xcolor Info: Model `HSB' substituted by `hsb' on input line 1369.
Package xcolor Info: Model `Gray' substituted by `gray' on input line 1370.
Package xcolor Info: Model `wave' substituted by `hsb' on input line 1371.
)
(/usr/local/texlive/2019/texmf-dist/tex/latex/graphics/graphicx.sty
Package: graphicx 2017/06/01 v1.1a Enhanced LaTeX Graphics (DPC,SPQR)

(/usr/local/texlive/2019/texmf-dist/tex/latex/graphics/graphics.sty
Package: graphics 2017/06/25 v1.2c Standard LaTeX Graphics (DPC,SPQR)

(/usr/local/texlive/2019/texmf-dist/tex/latex/graphics/trig.sty
Package: trig 2016/01/03 v1.10 sin cos tan (DPC)
)
(/usr/local/texlive/2019/texmf-dist/tex/latex/graphics-cfg/graphics.cfg
File: graphics.cfg 2016/06/04 v1.11 sample graphics configuration
)
Package graphics Info: Driver file: pdftex.def on input line 99.
)
\Gin@req@height=\dimen107
\Gin@req@width=\dimen108
)
(/usr/local/texlive/2019/texmf-dist/tex/latex/csquotes/csquotes.sty
Package: csquotes 2018/04/13 v5.2d context-sensitive quotations (JAW)

(/usr/local/texlive/2019/texmf-dist/tex/latex/etoolbox/etoolbox.sty
Package: etoolbox 2018/08/19 v2.5f e-TeX tools for LaTeX (JAW)
\etb@tempcnta=\count96
)
\csq@reset=\count97
\csq@gtype=\count98
\csq@glevel=\count99
\csq@qlevel=\count100
\csq@maxlvl=\count101
\csq@tshold=\count102
\csq@ltx@everypar=\toks16

(/usr/local/texlive/2019/texmf-dist/tex/latex/csquotes/csquotes.def
File: csquotes.def 2018/04/13 v5.2d csquotes generic definitions (JAW)
)
Package csquotes Info: Trying to load configuration file 'csquotes.cfg'...
Package csquotes Info: ... configuration file loaded successfully.

(/usr/local/texlive/2019/texmf-dist/tex/latex/csquotes/csquotes.cfg
File: csquotes.cfg 
))
(/usr/local/texlive/2019/texmf-dist/tex/latex/amsmath/amsmath.sty
Package: amsmath 2018/12/01 v2.17b AMS math features
\@mathmargin=\skip43

For additional information on amsmath, use the `?' option.
(/usr/local/texlive/2019/texmf-dist/tex/latex/amsmath/amstext.sty
Package: amstext 2000/06/29 v2.01 AMS text

(/usr/local/texlive/2019/texmf-dist/tex/latex/amsmath/amsgen.sty
File: amsgen.sty 1999/11/30 v2.0 generic functions
\@emptytoks=\toks17
\ex@=\dimen109
))
(/usr/local/texlive/2019/texmf-dist/tex/latex/amsmath/amsbsy.sty
Package: amsbsy 1999/11/29 v1.2d Bold Symbols
\pmbraise@=\dimen110
)
(/usr/local/texlive/2019/texmf-dist/tex/latex/amsmath/amsopn.sty
Package: amsopn 2016/03/08 v2.02 operator names
)
\inf@bad=\count103
LaTeX Info: Redefining \frac on input line 223.
\uproot@=\count104
\leftroot@=\count105
LaTeX Info: Redefining \overline on input line 385.
\classnum@=\count106
\DOTSCASE@=\count107
LaTeX Info: Redefining \ldots on input line 482.
LaTeX Info: Redefining \dots on input line 485.
LaTeX Info: Redefining \cdots on input line 606.
\Mathstrutbox@=\box29
\strutbox@=\box30
\big@size=\dimen111
LaTeX Font Info:    Redeclaring font encoding OML on input line 729.
LaTeX Font Info:    Redeclaring font encoding OMS on input line 730.
\macc@depth=\count108
\c@MaxMatrixCols=\count109
\dotsspace@=\muskip10
\c@parentequation=\count110
\dspbrk@lvl=\count111
\tag@help=\toks18
\row@=\count112
\column@=\count113
\maxfields@=\count114
\andhelp@=\toks19
\eqnshift@=\dimen112
\alignsep@=\dimen113
\tagshift@=\dimen114
\tagwidth@=\dimen115
\totwidth@=\dimen116
\lineht@=\dimen117
\@envbody=\toks20
\multlinegap=\skip44
\multlinetaggap=\skip45
\mathdisplay@stack=\toks21
LaTeX Info: Redefining \[ on input line 2844.
LaTeX Info: Redefining \] on input line 2845.
)
(/usr/local/texlive/2019/texmf-dist/tex/latex/url/url.sty
\Urlmuskip=\muskip11
Package: url 2013/09/16  ver 3.4  Verb mode for urls, etc.
)
(/usr/local/texlive/2019/texmf-dist/tex/generic/babel/babel.sty
Package: babel 2019/05/04 3.31 The Babel package

(/usr/local/texlive/2019/texmf-dist/tex/generic/babel/switch.def
File: switch.def 2019/05/04 3.31 Babel switching mechanism
)
(/usr/local/texlive/2019/texmf-dist/tex/generic/babel-english/english.ldf
Language: english 2017/06/06 v3.3r English support from the babel system

(/usr/local/texlive/2019/texmf-dist/tex/generic/babel/babel.def
File: babel.def 2019/05/04 3.31 Babel common definitions
\babel@savecnt=\count115
\U@D=\dimen118

(/usr/local/texlive/2019/texmf-dist/tex/generic/babel/txtbabel.def)
\bbl@dirlevel=\count116
)
\l@canadian = a dialect from \language\l@american 
\l@australian = a dialect from \language\l@british 
\l@newzealand = a dialect from \language\l@british 
))
(/usr/local/texlive/2019/texmf-dist/tex/latex/subfig/subfig.sty
Package: subfig 2005/06/28 ver: 1.3 subfig package

(/usr/local/texlive/2019/texmf-dist/tex/latex/caption/caption.sty
Package: caption 2018/10/06 v3.3-154 Customizing captions (AR)

(/usr/local/texlive/2019/texmf-dist/tex/latex/caption/caption3.sty
Package: caption3 2018/09/12 v1.8c caption3 kernel (AR)
Package caption3 Info: TeX engine: e-TeX on input line 64.
\captionmargin=\dimen119
\captionmargin@=\dimen120
\captionwidth=\dimen121
\caption@tempdima=\dimen122
\caption@indent=\dimen123
\caption@parindent=\dimen124
\caption@hangindent=\dimen125
)
\c@caption@flags=\count117
\c@ContinuedFloat=\count118
Package caption Info: listings package is loaded.
)
\c@KVtest=\count119
\sf@farskip=\skip46
\sf@captopadj=\dimen126
\sf@capskip=\skip47
\sf@nearskip=\skip48
\c@subfigure=\count120
\c@subfigure@save=\count121
\c@lofdepth=\count122
\c@subtable=\count123
\c@subtable@save=\count124
\c@lotdepth=\count125
\sf@top=\skip49
\sf@bottom=\skip50
)
Package csquotes Info: Checking for multilingual support...
Package csquotes Info: ... found 'babel' package.
Package csquotes Info: Adjusting default style.
Package csquotes Info: Redefining alias 'default' -> 'english'.

(./main.aux)
\openout1 = `main.aux'.

LaTeX Font Info:    Checking defaults for OML/cmm/m/it on input line 46.
LaTeX Font Info:    ... okay on input line 46.
LaTeX Font Info:    Checking defaults for T1/cmr/m/n on input line 46.
LaTeX Font Info:    ... okay on input line 46.
LaTeX Font Info:    Checking defaults for OT1/cmr/m/n on input line 46.
LaTeX Font Info:    ... okay on input line 46.
LaTeX Font Info:    Checking defaults for OMS/cmsy/m/n on input line 46.
LaTeX Font Info:    ... okay on input line 46.
LaTeX Font Info:    Checking defaults for OMX/cmex/m/n on input line 46.
LaTeX Font Info:    ... okay on input line 46.
LaTeX Font Info:    Checking defaults for U/cmr/m/n on input line 46.
LaTeX Font Info:    ... okay on input line 46.
\c@lstlisting=\count126

(/usr/local/texlive/2019/texmf-dist/tex/context/base/mkii/supp-pdf.mkii
[Loading MPS to PDF converter (version 2006.09.02).]
\scratchcounter=\count127
\scratchdimen=\dimen127
\scratchbox=\box31
\nofMPsegments=\count128
\nofMParguments=\count129
\everyMPshowfont=\toks22
\MPscratchCnt=\count130
\MPscratchDim=\dimen128
\MPnumerator=\count131
\makeMPintoPDFobject=\count132
\everyMPtoPDFconversion=\toks23
) (/usr/local/texlive/2019/texmf-dist/tex/latex/oberdiek/epstopdf-base.sty
Package: epstopdf-base 2016/05/15 v2.6 Base part for package epstopdf

(/usr/local/texlive/2019/texmf-dist/tex/generic/oberdiek/infwarerr.sty
Package: infwarerr 2016/05/16 v1.4 Providing info/warning/error messages (HO)
)
(/usr/local/texlive/2019/texmf-dist/tex/latex/oberdiek/grfext.sty
Package: grfext 2016/05/16 v1.2 Manage graphics extensions (HO)

(/usr/local/texlive/2019/texmf-dist/tex/generic/oberdiek/kvdefinekeys.sty
Package: kvdefinekeys 2016/05/16 v1.4 Define keys (HO)

(/usr/local/texlive/2019/texmf-dist/tex/generic/oberdiek/ltxcmds.sty
Package: ltxcmds 2016/05/16 v1.23 LaTeX kernel commands for general use (HO)
)))
(/usr/local/texlive/2019/texmf-dist/tex/latex/oberdiek/kvoptions.sty
Package: kvoptions 2016/05/16 v3.12 Key value format for package options (HO)

(/usr/local/texlive/2019/texmf-dist/tex/generic/oberdiek/kvsetkeys.sty
Package: kvsetkeys 2016/05/16 v1.17 Key value parser (HO)

(/usr/local/texlive/2019/texmf-dist/tex/generic/oberdiek/etexcmds.sty
Package: etexcmds 2016/05/16 v1.6 Avoid name clashes with e-TeX commands (HO)

(/usr/local/texlive/2019/texmf-dist/tex/generic/oberdiek/ifluatex.sty
Package: ifluatex 2016/05/16 v1.4 Provides the ifluatex switch (HO)
Package ifluatex Info: LuaTeX not detected.
))))
(/usr/local/texlive/2019/texmf-dist/tex/generic/oberdiek/pdftexcmds.sty
Package: pdftexcmds 2018/09/10 v0.29 Utility functions of pdfTeX for LuaTeX (HO
)

(/usr/local/texlive/2019/texmf-dist/tex/generic/oberdiek/ifpdf.sty
Package: ifpdf 2018/09/07 v3.3 Provides the ifpdf switch
)
Package pdftexcmds Info: LuaTeX not detected.
Package pdftexcmds Info: \pdf@primitive is available.
Package pdftexcmds Info: \pdf@ifprimitive is available.
Package pdftexcmds Info: \pdfdraftmode found.
)
Package epstopdf-base Info: Redefining graphics rule for `.eps' on input line 4
38.
Package grfext Info: Graphics extension search list:
(grfext)             [.pdf,.png,.jpg,.mps,.jpeg,.jbig2,.jb2,.PDF,.PNG,.JPG,.JPE
G,.JBIG2,.JB2,.eps]
(grfext)             \AppendGraphicsExtensions on input line 456.

(/usr/local/texlive/2019/texmf-dist/tex/latex/latexconfig/epstopdf-sys.cfg
File: epstopdf-sys.cfg 2010/07/13 v1.3 Configuration of (r)epstopdf for TeX Liv
e
))
Package caption Info: Begin \AtBeginDocument code.
Package caption Info: subfig package v1.3 is loaded.
Package caption Info: End \AtBeginDocument code.

Underfull \hbox (badness 10000) in paragraph at lines 62--64

 []

[1

{/usr/local/texlive/2019/texmf-var/fonts/map/pdftex/updmap/pdftex.map}]
(/usr/local/texlive/2019/texmf-dist/tex/latex/listings/lstlang1.sty
File: lstlang1.sty 2019/02/27 1.8b listings language file
) [2]
LaTeX Font Info:    Try loading font information for OMS+cmtt on input line 113
.
LaTeX Font Info:    No file OMScmtt.fd. on input line 113.


LaTeX Font Warning: Font shape `OMS/cmtt/m/n' undefined
(Font)              using `OMS/cmsy/m/n' instead
(Font)              for symbol `textbackslash' on input line 113.

[3] [4] [5] [6]
Overfull \hbox (3.84169pt too wide) in paragraph at lines 181--182
[]\OT1/cmr/m/n/10.95 For the fur-ther query build-ing, we will be look-ing at t
his list of whitespace-
 []

LaTeX Font Info:    Try loading font information for OMS+cmr on input line 192.

(/usr/local/texlive/2019/texmf-dist/tex/latex/base/omscmr.fd
File: omscmr.fd 2014/09/29 v2.5h Standard LaTeX font definitions
)
LaTeX Font Info:    Font shape `OMS/cmr/m/n' in size <10.95> not available
(Font)              Font shape `OMS/cmsy/m/n' tried instead on input line 192.
 [7]
Package epstopdf Info: Source file: <images/plots.eps>
(epstopdf)                    date: 2020-07-22 14:15:01
(epstopdf)                    size: 12489 bytes
(epstopdf)             Output file: <images/plots-eps-converted-to.pdf>
(epstopdf)                    date: 2020-07-22 14:15:01
(epstopdf)                    size: 13345 bytes
(epstopdf)             Command: <repstopdf --outfile=images/plots-eps-converted
-to.pdf images/plots.eps>
(epstopdf)             \includegraphics on input line 199.
Package epstopdf Info: Output file is already uptodate.


pdfTeX warning: /Library/TeX/texbin/pdflatex (file ./images/plots-eps-converted
-to.pdf): PDF inclusion: found PDF version <1.7>, but at most version <1.5> all
owed
<images/plots-eps-converted-to.pdf, id=42, 358.33875pt x 206.7725pt>
File: images/plots-eps-converted-to.pdf Graphic file (type pdf)
<use images/plots-eps-converted-to.pdf>
Package pdftex.def Info: images/plots-eps-converted-to.pdf  used on input line 
199.
(pdftex.def)             Requested size: 270.0pt x 155.80782pt.

LaTeX Warning: `!h' float specifier changed to `!ht'.

[8] [9 <./images/plots-eps-converted-to.pdf>] [10]
<images/artifact.png, id=55, 1631.09375pt x 933.4875pt>
File: images/artifact.png Graphic file (type png)
<use images/artifact.png>
Package pdftex.def Info: images/artifact.png  used on input line 281.
(pdftex.def)             Requested size: 360.0pt x 206.0231pt.
 [11]
<images/2ndTerm/Standard.png, id=60, 462.528pt x 346.896pt>
File: images/2ndTerm/Standard.png Graphic file (type png)
<use images/2ndTerm/Standard.png>
Package pdftex.def Info: images/2ndTerm/Standard.png  used on input line 298.
(pdftex.def)             Requested size: 360.0pt x 270.01141pt.
 [12 <./images/artifact.png>] [13 <./images/2ndTerm/Standard.png>] [14]
<images/2ndTerm/Trim.png, id=74, 462.528pt x 346.896pt>
File: images/2ndTerm/Trim.png Graphic file (type png)
<use images/2ndTerm/Trim.png>
Package pdftex.def Info: images/2ndTerm/Trim.png  used on input line 333.
(pdftex.def)             Requested size: 360.0pt x 270.01141pt.

Overfull \hbox (21.5715pt too wide) in paragraph at lines 351--352
\OT1/cmr/m/n/10.95 The \OT1/cmtt/m/n/10.95 StandardTokenizer \OT1/cmr/m/n/10.95
 will be ex-tended with a \OT1/cmtt/m/n/10.95 WordDelimiterGraphFilter[]\OT1/cm
r/m/n/10.95 .
 []

[15 <./images/2ndTerm/Trim.png>]
<images/2ndTerm/Porter+Trim+WordDelimiter.png, id=79, 462.528pt x 346.896pt>
File: images/2ndTerm/Porter+Trim+WordDelimiter.png Graphic file (type png)
<use images/2ndTerm/Porter+Trim+WordDelimiter.png>
Package pdftex.def Info: images/2ndTerm/Porter+Trim+WordDelimiter.png  used on 
input line 362.
(pdftex.def)             Requested size: 360.0pt x 270.01141pt.
 [16] [17 <./images/2ndTerm/Porter+Trim+WordDelimiter.png>]
<images/2ndTerm/ExclSyn_Ngram8.png, id=87, 462.528pt x 346.896pt>
File: images/2ndTerm/ExclSyn_Ngram8.png Graphic file (type png)
<use images/2ndTerm/ExclSyn_Ngram8.png>
Package pdftex.def Info: images/2ndTerm/ExclSyn_Ngram8.png  used on input line 
386.
(pdftex.def)             Requested size: 360.0pt x 270.01141pt.
 [18 <./images/2ndTerm/ExclSyn_Ngram8.png>]
<images/2ndTerm/ExclNgram_afterSynonym.png, id=92, 462.528pt x 346.896pt>
File: images/2ndTerm/ExclNgram_afterSynonym.png Graphic file (type png)
<use images/2ndTerm/ExclNgram_afterSynonym.png>
Package pdftex.def Info: images/2ndTerm/ExclNgram_afterSynonym.png  used on inp
ut line 412.
(pdftex.def)             Requested size: 360.0pt x 270.01141pt.
 [19 <./images/2ndTerm/ExclNgram_afterSynonym.png>]
<images/Hist-at-k.png, id=98, 462.528pt x 346.896pt>
File: images/Hist-at-k.png Graphic file (type png)
<use images/Hist-at-k.png>
Package pdftex.def Info: images/Hist-at-k.png  used on input line 442.
(pdftex.def)             Requested size: 360.0pt x 270.01141pt.
 [20] [21 <./images/Hist-at-k.png>]
<images/rocchio-standard.png, id=106, 462.528pt x 346.896pt>
File: images/rocchio-standard.png Graphic file (type png)
<use images/rocchio-standard.png>
Package pdftex.def Info: images/rocchio-standard.png  used on input line 461.
(pdftex.def)             Requested size: 360.0pt x 270.01141pt.
 [22] [23 <./images/rocchio-standard.png>]
<images/Heatmap_pr.png, id=115, 462.528pt x 372.1905pt>
File: images/Heatmap_pr.png Graphic file (type png)
<use images/Heatmap_pr.png>
Package pdftex.def Info: images/Heatmap_pr.png  used on input line 483.
(pdftex.def)             Requested size: 180.0pt x 144.84703pt.
<images/Heatmap_rec.png, id=116, 462.528pt x 378.6948pt>
File: images/Heatmap_rec.png Graphic file (type png)
<use images/Heatmap_rec.png>
Package pdftex.def Info: images/Heatmap_rec.png  used on input line 484.
(pdftex.def)             Requested size: 180.0pt x 147.37833pt.
<images/Heatmap_acc.png, id=117, 462.528pt x 375.0813pt>
File: images/Heatmap_acc.png Graphic file (type png)
<use images/Heatmap_acc.png>
Package pdftex.def Info: images/Heatmap_acc.png  used on input line 485.
(pdftex.def)             Requested size: 180.0pt x 145.97206pt.
 [24 <./images/Heatmap_pr.png> <./images/Heatmap_rec.png> <./images/Heatmap_acc
.png>] [25] (./main.bbl
Underfull \hbox (badness 2318) in paragraph at lines 19--22
[]\OT1/cmr/m/n/10.95 gtsherman Roc-chio repos-i-tory.  $\OT1/cmtt/m/n/10.95 htt
ps : / / github . com / gtsherman /
 []


Underfull \hbox (badness 10000) in paragraph at lines 24--26
[]\OT1/cmr/m/n/10.95 Hapax Legomenon.  $\OT1/cmtt/m/n/10.95 https : / / en . wi
kipedia . org / wiki / Hapax \
 []


Underfull \hbox (badness 10000) in paragraph at lines 28--31
[]\OT1/cmr/m/n/10.95 Lucene Ba-sic Con-cepts.  $\OT1/cmtt/m/n/10.95 http : / / 
www . lucenetutorial . com /
 []


Underfull \hbox (badness 3148) in paragraph at lines 33--36
[]\OT1/cmr/m/n/10.95 Offline database of syn-onyms/the-saurus.  $\OT1/cmtt/m/n/
10.95 https : / / github . com /
 []

) [26

] (./main.aux)

LaTeX Font Warning: Some font shapes were not available, defaults substituted.

 ) 
Here is how much of TeX's memory you used:
 7119 strings out of 492616
 101837 string characters out of 6129480
 446158 words of memory out of 5000000
 10932 multiletter control sequences out of 15000+600000
 14356 words of font info for 52 fonts, out of 8000000 for 9000
 1141 hyphenation exceptions out of 8191
 44i,14n,49p,849b,1648s stack positions out of 5000i,500n,10000p,200000b,80000s
</usr/local/texlive/2019/texmf-dist/fonts/type1/public/amsfonts/cm/cmbx10.pfb
></usr/local/texlive/2019/texmf-dist/fonts/type1/public/amsfonts/cm/cmbx12.pfb>
</usr/local/texlive/2019/texmf-dist/fonts/type1/public/amsfonts/cm/cmex10.pfb><
/usr/local/texlive/2019/texmf-dist/fonts/type1/public/amsfonts/cm/cmmi10.pfb></
usr/local/texlive/2019/texmf-dist/fonts/type1/public/amsfonts/cm/cmmi6.pfb></us
r/local/texlive/2019/texmf-dist/fonts/type1/public/amsfonts/cm/cmmi8.pfb></usr/
local/texlive/2019/texmf-dist/fonts/type1/public/amsfonts/cm/cmr10.pfb></usr/lo
cal/texlive/2019/texmf-dist/fonts/type1/public/amsfonts/cm/cmr12.pfb></usr/loca
l/texlive/2019/texmf-dist/fonts/type1/public/amsfonts/cm/cmr6.pfb></usr/local/t
exlive/2019/texmf-dist/fonts/type1/public/amsfonts/cm/cmr8.pfb></usr/local/texl
ive/2019/texmf-dist/fonts/type1/public/amsfonts/cm/cmr9.pfb></usr/local/texlive
/2019/texmf-dist/fonts/type1/public/amsfonts/cm/cmsl10.pfb></usr/local/texlive/
2019/texmf-dist/fonts/type1/public/amsfonts/cm/cmss10.pfb></usr/local/texlive/2
019/texmf-dist/fonts/type1/public/amsfonts/cm/cmssbx10.pfb></usr/local/texlive/
2019/texmf-dist/fonts/type1/public/amsfonts/cm/cmsy10.pfb></usr/local/texlive/2
019/texmf-dist/fonts/type1/public/amsfonts/cm/cmsy8.pfb></usr/local/texlive/201
9/texmf-dist/fonts/type1/public/amsfonts/cm/cmti10.pfb></usr/local/texlive/2019
/texmf-dist/fonts/type1/public/amsfonts/cm/cmtt10.pfb></usr/local/texlive/2019/
texmf-dist/fonts/type1/public/amsfonts/cm/cmtt9.pfb>
Output written on main.pdf (26 pages, 611642 bytes).
PDF statistics:
 192 PDF objects out of 1000 (max. 8388607)
 119 compressed objects within 2 object streams
 0 named destinations out of 1000 (max. 500000)
 61 words of extra memory for PDF output out of 10000 (max. 10000000)

